TN:D:\Projects\libraries\router
SF:\src\index.js
LF:3
LH:3
FN:0,
FNDA:1,
DA:1,1
DA:2,1
DA:3,1
end_of_record
TN:D:\Projects\libraries\router
SF:\src\logger.js
LF:141
LH:85
FN:0,
FNDA:1,
FN:1197,log
FNDA:199,log
FN:3008,error
FNDA:0,error
FN:3403,warn
FNDA:4,warn
FN:3809,info
FNDA:0,info
FN:4199,debug
FNDA:195,debug
FN:4591,trace
FNDA:0,trace
DA:1,1
DA:2,1
DA:3,1
DA:4,1
DA:5,1
DA:6,1
DA:7,1
DA:8,1
DA:9,1
DA:10,1
DA:11,1
DA:12,1
DA:13,1
DA:14,1
DA:15,1
DA:16,1
DA:17,1
DA:18,1
DA:19,1
DA:20,1
DA:21,1
DA:22,1
DA:23,1
DA:24,1
DA:25,1
DA:26,1
DA:27,1
DA:28,1
DA:29,1
DA:30,1
DA:31,1
DA:32,1
DA:33,1
DA:34,1
DA:35,1
DA:36,1
DA:37,1
DA:38,1
DA:39,0
DA:40,0
DA:41,0
DA:42,0
DA:43,0
DA:44,0
DA:45,0
DA:46,0
DA:47,0
DA:48,0
DA:49,0
DA:50,0
DA:51,0
DA:52,0
DA:53,0
DA:54,0
DA:55,0
DA:56,0
DA:57,0
DA:58,0
DA:59,0
DA:60,0
DA:61,0
DA:62,0
DA:63,0
DA:64,0
DA:65,0
DA:66,0
DA:67,0
DA:68,0
DA:69,0
DA:70,0
DA:71,0
DA:72,0
DA:73,0
DA:74,0
DA:75,0
DA:76,0
DA:77,0
DA:78,0
DA:79,0
DA:80,0
DA:81,0
DA:82,0
DA:83,0
DA:84,0
DA:85,0
DA:86,1
DA:87,1
DA:88,1
DA:89,1
DA:90,1
DA:91,1
DA:92,1
DA:93,1
DA:94,0
DA:95,0
DA:96,0
DA:97,1
DA:98,1
DA:99,1
DA:100,1
DA:101,1
DA:102,1
DA:103,1
DA:104,1
DA:105,1
DA:106,1
DA:107,1
DA:108,1
DA:109,1
DA:110,1
DA:111,1
DA:112,1
DA:113,1
DA:114,1
DA:115,1
DA:116,0
DA:117,0
DA:118,0
DA:119,1
DA:120,1
DA:121,1
DA:122,1
DA:123,1
DA:124,1
DA:125,1
DA:126,1
DA:127,1
DA:128,1
DA:129,1
DA:130,1
DA:131,1
DA:132,1
DA:133,1
DA:134,1
DA:135,1
DA:136,1
DA:137,1
DA:138,0
DA:139,0
DA:140,0
DA:141,1
end_of_record
TN:D:\Projects\libraries\router
SF:\src\router.js
LF:744
LH:406
FN:0,
FNDA:1,
FN:1161,Router
FNDA:19,Router
FN:2619,
FNDA:0,
FN:3234,on
FNDA:0,on
FN:3584,emit
FNDA:10,emit
FN:4070,initSwipeNavigation
FNDA:0,initSwipeNavigation
FN:5106,handleError
FNDA:0,handleError
FN:5546,sanitizePath
FNDA:26,sanitizePath
FN:6560,
FNDA:56,
FN:7324,isBlockedPath
FNDA:23,isBlockedPath
FN:7838,
FNDA:144,
FN:8062,test
FNDA:0,test
FN:8622,beforeEach
FNDA:0,beforeEach
FN:8886,afterEach
FNDA:0,afterEach
FN:9164,use
FNDA:0,use
FN:9453,addRedirect
FNDA:0,addRedirect
FN:9818,addRoute
FNDA:7,addRoute
FN:10129,addNestedRoute
FNDA:0,addNestedRoute
FN:10565,addLazyRoute
FNDA:0,addLazyRoute
FN:11183,addLazyNestedRoute
FNDA:0,addLazyNestedRoute
FN:11638,addFallbackRoute
FNDA:0,addFallbackRoute
FN:11925,add404Route
FNDA:0,add404Route
FN:12200,addErrorRoute
FNDA:0,addErrorRoute
FN:12551,addProtectedRoute
FNDA:0,addProtectedRoute
FN:13248,removeRoute
FNDA:0,removeRoute
FN:13586,updateRoute
FNDA:0,updateRoute
FN:13873,getRoutes
FNDA:0,getRoutes
FN:14099,navigate
FNDA:7,navigate
FN:16996,navigateTo
FNDA:3,navigateTo
FN:17832,matchRoute
FNDA:9,matchRoute
FN:18756,_performMatch
FNDA:9,_performMatch
FN:19103,
FNDA:5,
FN:19370,
FNDA:5,
FN:19855,clearCache
FNDA:0,clearCache
FN:20015,resetRedirectCount
FNDA:0,resetRedirectCount
FN:20256,getFullPath
FNDA:0,getFullPath
FN:20502,getPathFromLocation
FNDA:0,getPathFromLocation
FN:20789,listen
FNDA:0,listen
FN:22242,_initPlugins
FNDA:0,_initPlugins
FN:22661,usePlugin
FNDA:0,usePlugin
FN:23511,destroy
FNDA:0,destroy
FN:24434,Router.info
FNDA:0,Router.info
DA:1,1
DA:2,1
DA:3,1
DA:4,1
DA:5,1
DA:6,1
DA:7,1
DA:8,1
DA:9,1
DA:10,1
DA:11,1
DA:12,1
DA:13,1
DA:14,1
DA:15,1
DA:16,1
DA:17,1
DA:18,1
DA:19,1
DA:20,1
DA:21,1
DA:22,1
DA:23,1
DA:24,1
DA:25,1
DA:26,0
DA:27,1
DA:28,1
DA:29,1
DA:30,1
DA:31,1
DA:32,1
DA:33,1
DA:34,1
DA:35,1
DA:36,1
DA:37,1
DA:38,1
DA:39,1
DA:40,1
DA:41,1
DA:42,1
DA:43,1
DA:44,1
DA:45,1
DA:46,1
DA:47,1
DA:48,1
DA:49,1
DA:50,1
DA:51,1
DA:52,0
DA:53,0
DA:54,0
DA:55,1
DA:56,0
DA:57,0
DA:58,0
DA:59,0
DA:60,0
DA:61,0
DA:62,1
DA:63,0
DA:64,0
DA:65,0
DA:66,0
DA:67,0
DA:68,0
DA:69,0
DA:70,0
DA:71,0
DA:72,0
DA:73,1
DA:74,1
DA:75,1
DA:76,1
DA:77,1
DA:78,1
DA:79,1
DA:80,1
DA:81,1
DA:82,1
DA:83,1
DA:84,1
DA:85,1
DA:86,0
DA:87,0
DA:88,0
DA:89,0
DA:90,0
DA:91,0
DA:92,0
DA:93,1
DA:94,1
DA:95,1
DA:96,1
DA:97,1
DA:98,1
DA:99,1
DA:100,1
DA:101,1
DA:102,1
DA:103,0
DA:104,0
DA:105,0
DA:106,0
DA:107,0
DA:108,0
DA:109,1
DA:110,1
DA:111,1
DA:112,1
DA:113,1
DA:114,1
DA:115,1
DA:116,0
DA:117,0
DA:118,0
DA:119,0
DA:120,0
DA:121,0
DA:122,0
DA:123,0
DA:124,0
DA:125,0
DA:126,0
DA:127,0
DA:128,0
DA:129,0
DA:130,0
DA:131,0
DA:132,0
DA:133,0
DA:134,0
DA:135,0
DA:136,0
DA:137,0
DA:138,0
DA:139,1
DA:140,1
DA:141,1
DA:142,1
DA:143,1
DA:144,0
DA:145,0
DA:146,0
DA:147,0
DA:148,0
DA:149,0
DA:150,0
DA:151,0
DA:152,0
DA:153,1
DA:154,1
DA:155,1
DA:156,1
DA:157,1
DA:158,1
DA:159,1
DA:160,1
DA:161,1
DA:162,1
DA:163,1
DA:164,1
DA:165,1
DA:166,1
DA:167,1
DA:168,1
DA:169,1
DA:170,1
DA:171,1
DA:172,1
DA:173,1
DA:174,1
DA:175,1
DA:176,1
DA:177,1
DA:178,1
DA:179,1
DA:180,1
DA:181,1
DA:182,1
DA:183,1
DA:184,1
DA:185,1
DA:186,1
DA:187,1
DA:188,1
DA:189,1
DA:190,1
DA:191,1
DA:192,1
DA:193,1
DA:194,1
DA:195,1
DA:196,1
DA:197,0
DA:198,0
DA:199,0
DA:200,0
DA:201,1
DA:202,1
DA:203,1
DA:204,1
DA:205,1
DA:206,1
DA:207,1
DA:208,1
DA:209,1
DA:210,1
DA:211,1
DA:212,1
DA:213,1
DA:214,1
DA:215,1
DA:216,1
DA:217,1
DA:218,1
DA:219,1
DA:220,1
DA:221,1
DA:222,1
DA:223,1
DA:224,1
DA:225,1
DA:226,1
DA:227,1
DA:228,1
DA:229,0
DA:230,0
DA:231,0
DA:232,0
DA:233,0
DA:234,0
DA:235,0
DA:236,0
DA:237,0
DA:238,0
DA:239,0
DA:240,0
DA:241,0
DA:242,1
DA:243,1
DA:244,1
DA:245,1
DA:246,1
DA:247,1
DA:248,0
DA:249,0
DA:250,0
DA:251,0
DA:252,0
DA:253,1
DA:254,1
DA:255,1
DA:256,1
DA:257,1
DA:258,1
DA:259,0
DA:260,0
DA:261,0
DA:262,0
DA:263,0
DA:264,1
DA:265,1
DA:266,1
DA:267,1
DA:268,1
DA:269,1
DA:270,0
DA:271,0
DA:272,0
DA:273,0
DA:274,0
DA:275,1
DA:276,1
DA:277,1
DA:278,1
DA:279,1
DA:280,1
DA:281,1
DA:282,0
DA:283,0
DA:284,0
DA:285,0
DA:286,0
DA:287,0
DA:288,0
DA:289,0
DA:290,1
DA:291,1
DA:292,1
DA:293,1
DA:294,1
DA:295,1
DA:296,1
DA:297,1
DA:298,1
DA:299,1
DA:300,1
DA:301,1
DA:302,1
DA:303,1
DA:304,1
DA:305,1
DA:306,1
DA:307,1
DA:308,1
DA:309,1
DA:310,0
DA:311,0
DA:312,0
DA:313,0
DA:314,0
DA:315,0
DA:316,1
DA:317,1
DA:318,1
DA:319,1
DA:320,1
DA:321,1
DA:322,1
DA:323,0
DA:324,0
DA:325,0
DA:326,0
DA:327,0
DA:328,0
DA:329,0
DA:330,0
DA:331,0
DA:332,0
DA:333,0
DA:334,0
DA:335,0
DA:336,1
DA:337,1
DA:338,1
DA:339,1
DA:340,1
DA:341,1
DA:342,1
DA:343,1
DA:344,0
DA:345,0
DA:346,0
DA:347,0
DA:348,0
DA:349,0
DA:350,1
DA:351,1
DA:352,1
DA:353,1
DA:354,1
DA:355,1
DA:356,0
DA:357,0
DA:358,0
DA:359,0
DA:360,0
DA:361,1
DA:362,1
DA:363,1
DA:364,1
DA:365,1
DA:366,1
DA:367,0
DA:368,0
DA:369,0
DA:370,0
DA:371,0
DA:372,1
DA:373,1
DA:374,1
DA:375,1
DA:376,1
DA:377,1
DA:378,0
DA:379,0
DA:380,0
DA:381,0
DA:382,0
DA:383,1
DA:384,1
DA:385,1
DA:386,1
DA:387,1
DA:388,1
DA:389,1
DA:390,1
DA:391,1
DA:392,0
DA:393,0
DA:394,0
DA:395,0
DA:396,0
DA:397,0
DA:398,0
DA:399,0
DA:400,0
DA:401,0
DA:402,0
DA:403,0
DA:404,0
DA:405,1
DA:406,1
DA:407,1
DA:408,1
DA:409,1
DA:410,1
DA:411,0
DA:412,0
DA:413,0
DA:414,0
DA:415,0
DA:416,0
DA:417,0
DA:418,1
DA:419,1
DA:420,1
DA:421,1
DA:422,1
DA:423,1
DA:424,1
DA:425,0
DA:426,0
DA:427,0
DA:428,0
DA:429,0
DA:430,0
DA:431,0
DA:432,1
DA:433,1
DA:434,1
DA:435,1
DA:436,1
DA:437,0
DA:438,0
DA:439,0
DA:440,0
DA:441,1
DA:442,1
DA:443,1
DA:444,1
DA:445,1
DA:446,1
DA:447,1
DA:448,1
DA:449,0
DA:450,0
DA:451,0
DA:452,0
DA:453,0
DA:454,0
DA:455,0
DA:456,0
DA:457,1
DA:458,1
DA:459,1
DA:460,1
DA:461,1
DA:462,1
DA:463,1
DA:464,1
DA:465,0
DA:466,0
DA:467,0
DA:468,0
DA:469,1
DA:470,0
DA:471,0
DA:472,0
DA:473,0
DA:474,0
DA:475,1
DA:476,1
DA:477,1
DA:478,0
DA:479,0
DA:480,0
DA:481,0
DA:482,1
DA:483,0
DA:484,0
DA:485,0
DA:486,0
DA:487,1
DA:488,1
DA:489,1
DA:490,1
DA:491,0
DA:492,0
DA:493,0
DA:494,0
DA:495,1
DA:496,1
DA:497,1
DA:498,1
DA:499,1
DA:500,0
DA:501,0
DA:502,0
DA:503,0
DA:504,0
DA:505,0
DA:506,1
DA:507,1
DA:508,1
DA:509,1
DA:510,1
DA:511,1
DA:512,1
DA:513,1
DA:514,1
DA:515,1
DA:516,1
DA:517,1
DA:518,1
DA:519,1
DA:520,1
DA:521,1
DA:522,1
DA:523,1
DA:524,1
DA:525,1
DA:526,1
DA:527,1
DA:528,1
DA:529,1
DA:530,1
DA:531,1
DA:532,1
DA:533,1
DA:534,1
DA:535,1
DA:536,1
DA:537,1
DA:538,1
DA:539,1
DA:540,1
DA:541,1
DA:542,0
DA:543,0
DA:544,0
DA:545,1
DA:546,1
DA:547,1
DA:548,1
DA:549,0
DA:550,0
DA:551,0
DA:552,0
DA:553,0
DA:554,1
DA:555,1
DA:556,1
DA:557,1
DA:558,1
DA:559,1
DA:560,1
DA:561,1
DA:562,1
DA:563,1
DA:564,1
DA:565,1
DA:566,1
DA:567,1
DA:568,1
DA:569,1
DA:570,1
DA:571,1
DA:572,1
DA:573,1
DA:574,1
DA:575,1
DA:576,1
DA:577,1
DA:578,1
DA:579,1
DA:580,1
DA:581,1
DA:582,1
DA:583,1
DA:584,1
DA:585,1
DA:586,1
DA:587,1
DA:588,1
DA:589,1
DA:590,1
DA:591,1
DA:592,1
DA:593,1
DA:594,1
DA:595,1
DA:596,1
DA:597,1
DA:598,0
DA:599,0
DA:600,0
DA:601,0
DA:602,1
DA:603,1
DA:604,1
DA:605,1
DA:606,0
DA:607,0
DA:608,0
DA:609,0
DA:610,1
DA:611,1
DA:612,1
DA:613,1
DA:614,1
DA:615,1
DA:616,0
DA:617,0
DA:618,0
DA:619,0
DA:620,1
DA:621,1
DA:622,1
DA:623,1
DA:624,1
DA:625,0
DA:626,0
DA:627,0
DA:628,0
DA:629,0
DA:630,0
DA:631,1
DA:632,1
DA:633,1
DA:634,1
DA:635,0
DA:636,0
DA:637,0
DA:638,0
DA:639,0
DA:640,0
DA:641,0
DA:642,0
DA:643,0
DA:644,0
DA:645,0
DA:646,0
DA:647,0
DA:648,0
DA:649,0
DA:650,0
DA:651,0
DA:652,0
DA:653,0
DA:654,0
DA:655,0
DA:656,0
DA:657,0
DA:658,0
DA:659,0
DA:660,0
DA:661,0
DA:662,0
DA:663,0
DA:664,0
DA:665,0
DA:666,0
DA:667,0
DA:668,0
DA:669,0
DA:670,0
DA:671,1
DA:672,1
DA:673,1
DA:674,1
DA:675,1
DA:676,0
DA:677,0
DA:678,0
DA:679,0
DA:680,0
DA:681,0
DA:682,0
DA:683,0
DA:684,1
DA:685,1
DA:686,1
DA:687,1
DA:688,1
DA:689,1
DA:690,1
DA:691,0
DA:692,0
DA:693,0
DA:694,0
DA:695,0
DA:696,0
DA:697,0
DA:698,0
DA:699,0
DA:700,0
DA:701,0
DA:702,0
DA:703,0
DA:704,0
DA:705,0
DA:706,0
DA:707,0
DA:708,0
DA:709,0
DA:710,0
DA:711,0
DA:712,0
DA:713,1
DA:714,0
DA:715,0
DA:716,0
DA:717,0
DA:718,0
DA:719,0
DA:720,0
DA:721,0
DA:722,0
DA:723,0
DA:724,0
DA:725,0
DA:726,0
DA:727,0
DA:728,0
DA:729,0
DA:730,0
DA:731,0
DA:732,0
DA:733,0
DA:734,0
DA:735,0
DA:736,0
DA:737,0
DA:738,1
DA:739,1
DA:740,0
DA:741,0
DA:742,0
DA:743,1
DA:744,1
end_of_record